<?xml version="1.0" encoding="UTF-8"?>
<!-- Generated by org.testng.reporters.JUnitXMLReporter -->
<testsuite ignored="0" hostname="DESKTOP-HBGLQ0J" failures="0" tests="3" name="Default test" time="32.296" errors="0" timestamp="2023-03-29T02:04:57 IST">
  <testcase classname="com.mystore.testcases.Search" name="verifySearchWithValidProduct" time="1.496"/>
  <testcase classname="com.mystore.testcases.Search" name="verifySearchWithInValidProduct" time="1.3"/>
  <testcase classname="com.mystore.testcases.Search" name="verifySearchWithoutAnyProduct" time="0.968"/>
</testsuite> <!-- Default test -->
